<?xml version="1.0" encoding="UTF-8"?>
<testsuite xmlns:xsi="http://www.w3.org/2001/XMLSchema-instance" xsi:noNamespaceSchemaLocation="https://maven.apache.org/surefire/maven-surefire-plugin/xsd/surefire-test-report-3.0.xsd" version="3.0" name="com.example.eren.ErenApplicationTests" time="1.969" tests="1" errors="0" skipped="0" failures="0">
  <properties>
[...]
</properties>
  <testcase name="contextLoads" classname="com.example.eren.ErenApplicationTests" time="0.468">
    <system-out><![CDATA[18:34:44.118 [main] INFO org.springframework.test.context.support.AnnotationConfigContextLoaderUtils -- Could not detect default configuration classes for test class [com.example.eren.ErenApplicationTests]: ErenApplicationTests does not declare any static, non-private, non-final, nested classes annotated with @Configuration.
18:34:44.163 [main] INFO org.springframework.boot.test.context.SpringBootTestContextBootstrapper -- Found @SpringBootConfiguration com.example.eren.ErenApplication for test class com.example.eren.ErenApplicationTests

  .   ____          _            __ _ _
 /\\ / ___'_ __ _ _(_)_ __  __ _ \ \ \ \
( ( )\___ | '_ | '_| | '_ \/ _` | \ \ \ \
 \\/  ___)| |_)| | | | | || (_| |  ) ) ) )
  '  |____| .__|_| |_|_| |_\__, | / / / /
 =========|_|==============|___/=/_/_/_/
 :: Spring Boot ::                (v3.1.1)

2023-07-20T18:34:44.372+05:30  INFO 140012 --- [           main] com.example.eren.ErenApplicationTests    : Starting ErenApplicationTests using Java 20.0.1 with PID 140012 (started by sumit.kumar in /home/sumit.kumar/Downloads/work/java_projects/group/eren)
2023-07-20T18:34:44.373+05:30  INFO 140012 --- [           main] com.example.eren.ErenApplicationTests    : No active profile set, falling back to 1 default profile: "default"
2023-07-20T18:34:44.739+05:30  INFO 140012 --- [           main] .s.d.r.c.RepositoryConfigurationDelegate : Bootstrapping Spring Data MongoDB repositories in DEFAULT mode.
2023-07-20T18:34:44.748+05:30  INFO 140012 --- [           main] .s.d.r.c.RepositoryConfigurationDelegate : Finished Spring Data repository scanning in 6 ms. Found 0 MongoDB repository interfaces.
2023-07-20T18:34:45.386+05:30  INFO 140012 --- [           main] org.mongodb.driver.client                : MongoClient with metadata {"driver": {"name": "mongo-java-driver|sync|spring-boot", "version": "4.9.1"}, "os": {"type": "Linux", "name": "Linux", "architecture": "amd64", "version": "6.2.0-25-generic"}, "platform": "Java/Oracle Corporation/20.0.1+9-29"} created with settings MongoClientSettings{readPreference=primary, writeConcern=WriteConcern{w=null, wTimeout=null ms, journal=null}, retryWrites=true, retryReads=true, readConcern=ReadConcern{level=null}, credential=MongoCredential{mechanism=null, userName='admin', source='admin', password=<hidden>, mechanismProperties=<hidden>}, streamFactoryFactory=null, commandListeners=[], codecRegistry=ProvidersCodecRegistry{codecProviders=[ValueCodecProvider{}, BsonValueCodecProvider{}, DBRefCodecProvider{}, DBObjectCodecProvider{}, DocumentCodecProvider{}, CollectionCodecProvider{}, IterableCodecProvider{}, MapCodecProvider{}, GeoJsonCodecProvider{}, GridFSFileCodecProvider{}, Jsr310CodecProvider{}, JsonObjectCodecProvider{}, BsonCodecProvider{}, EnumCodecProvider{}, com.mongodb.client.model.mql.ExpressionCodecProvider@2bec068b, com.mongodb.Jep395RecordCodecProvider@7d59e968]}, loggerSettings=LoggerSettings{maxDocumentLength=1000}, clusterSettings={hosts=[127.0.0.1:27017], srvHost=sastra.zgvaj32.mongodb.net, srvServiceName=mongodb, mode=MULTIPLE, requiredClusterType=REPLICA_SET, requiredReplicaSetName='atlas-10y7dv-shard-0', serverSelector='null', clusterListeners='[]', serverSelectionTimeout='30000 ms', localThreshold='30000 ms'}, socketSettings=SocketSettings{connectTimeoutMS=10000, readTimeoutMS=0, receiveBufferSize=0, sendBufferSize=0}, heartbeatSocketSettings=SocketSettings{connectTimeoutMS=10000, readTimeoutMS=10000, receiveBufferSize=0, sendBufferSize=0}, connectionPoolSettings=ConnectionPoolSettings{maxSize=100, minSize=0, maxWaitTimeMS=120000, maxConnectionLifeTimeMS=0, maxConnectionIdleTimeMS=0, maintenanceInitialDelayMS=0, maintenanceFrequencyMS=60000, connectionPoolListeners=[], maxConnecting=2}, serverSettings=ServerSettings{heartbeatFrequencyMS=10000, minHeartbeatFrequencyMS=500, serverListeners='[]', serverMonitorListeners='[]'}, sslSettings=SslSettings{enabled=true, invalidHostNameAllowed=false, context=null}, applicationName='null', compressorList=[], uuidRepresentation=JAVA_LEGACY, serverApi=null, autoEncryptionSettings=null, contextProvider=null}
2023-07-20T18:34:45.451+05:30  INFO 140012 --- [j32.mongodb.net] org.mongodb.driver.cluster               : Adding discovered server ac-8r577fc-shard-00-02.zgvaj32.mongodb.net:27017 to client view of cluster
2023-07-20T18:34:45.468+05:30  INFO 140012 --- [j32.mongodb.net] org.mongodb.driver.cluster               : Adding discovered server ac-8r577fc-shard-00-00.zgvaj32.mongodb.net:27017 to client view of cluster
2023-07-20T18:34:45.469+05:30  INFO 140012 --- [j32.mongodb.net] org.mongodb.driver.cluster               : Adding discovered server ac-8r577fc-shard-00-01.zgvaj32.mongodb.net:27017 to client view of cluster
2023-07-20T18:34:45.515+05:30  INFO 140012 --- [           main] com.example.eren.ErenApplicationTests    : Started ErenApplicationTests in 1.29 seconds (process running for 1.841)
]]></system-out>
  </testcase>
</testsuite>